#
# A fatal error has been detected by the Java Runtime Environment:
#
#  SIGSEGV (0xb) at pc=0x00007fff92dffe90, pid=68291, tid=1799
#
# JRE version: Java(TM) SE Runtime Environment (7.0_40-b43) (build 1.7.0_40-b43)
# Java VM: Java HotSpot(TM) 64-Bit Server VM (24.0-b56 mixed mode bsd-amd64 compressed oops)
# Problematic frame:
# C  [libobjc.A.dylib+0x9e90]  objc_msgSend+0x10
#
# Failed to write core dump. Core dumps have been disabled. To enable core dumping, try "ulimit -c unlimited" before starting Java again
#
# If you would like to submit a bug report, please visit:
#   http://bugreport.sun.com/bugreport/crash.jsp
# The crash happened outside the Java Virtual Machine in native code.
# See problematic frame for where to report the bug.
#

---------------  T H R E A D  ---------------

Current thread (0x00007ff3338bb800):  JavaThread "AppKit Thread" daemon [_thread_in_native, id=1799, stack(0x00007fff6514f000,0x00007fff6594f000)]

siginfo:si_signo=SIGSEGV: si_errno=0, si_code=1 (SEGV_MAPERR), si_addr=0x0000000000000010

Registers:
RAX=0x00007ff333527400, RBX=0x00007ff33367a9b0, RCX=0x00000000000f431e, RDX=0x00007ff33367a9b0
RSP=0x00007fff6594aba0, RBP=0x00007fff6594abc0, RSI=0x00007fff8cbd8fab, RDI=0x00007ff3335274c0
R8 =0x00007ff33361fed0, R9 =0x00000000000003fe, R10=0x2028508444045010, R11=0x0000000000000000
R12=0x00007ff3338bd000, R13=0x00000000000f42dd, R14=0x00007fff8cbd8fab, R15=0x0000000000000054
RIP=0x00007fff92dffe90, EFLAGS=0x0000000000010246, ERR=0x0000000000000004
  TRAPNO=0x000000000000000e

Top of Stack: (sp=0x00007fff6594aba0)
0x00007fff6594aba0:   00007ff333527400 00007fff8d02bd0e
0x00007fff6594abb0:   00007ff3336789b8 00007ff33367a010
0x00007fff6594abc0:   00007fff6594acf0 00007fff8d3bb7ba
0x00007fff6594abd0:   00007ff3338a1ff8 00007fff92e00afc
0x00007fff6594abe0:   00007fff78e58a70 0000000000000028
0x00007fff6594abf0:   00007ff33361fed0 00000000000f4320
0x00007fff6594ac00:   0000000105e1e210 0000000105e1e210
0x00007fff6594ac10:   00007ff33367a9b0 00007ff333533b80
0x00007fff6594ac20:   00007ff3335340b0 0000000000000054
0x00007fff6594ac30:   0000000000000001 0000000000000000
0x00007fff6594ac40:   00007ff3336789b0 0000000000000000
0x00007fff6594ac50:   00007ff33361fec0 0000000000000002
0x00007fff6594ac60:   00007fff799593d0 0000000042000000
0x00007fff6594ac70:   00007fff8d3ed010 00007fff7900de00
0x00007fff6594ac80:   00007ff33367a9b0 00007ff335016f30
0x00007fff6594ac90:   00000000000f431e 0000000000000000
0x00007fff6594aca0:   000000000000004f 00007ff33361fec0
0x00007fff6594acb0:   00007fff6594acf0 00007fff8d0180c5
0x00007fff6594acc0:   00007ff333533b80 0000000105e1da50
0x00007fff6594acd0:   00007ff333500200 0000000000000000
0x00007fff6594ace0:   00007ff33367a9b0 0000000105e4a900
0x00007fff6594acf0:   00007fff6594ad10 00007fff8d017fc3
0x00007fff6594ad00:   00007ff333533b80 00007ff333533b80
0x00007fff6594ad10:   00007fff6594ad40 00007fff8c3f8110
0x00007fff6594ad20:   3ff0000000000000 0000000000000000
0x00007fff6594ad30:   00007ff333533b80 0000000105e4a900
0x00007fff6594ad40:   00007fff6594ad70 00007fff8c3f7bbf
0x00007fff6594ad50:   3ff0000000000000 0000000000000000
0x00007fff6594ad60:   0000000105e489f0 0000000105e4a900
0x00007fff6594ad70:   00007fff6594aed0 00007fff8c3f11f8
0x00007fff6594ad80:   01007fff6594adc0 00007fff92e02d09
0x00007fff6594ad90:   00007ff3338b1948 00007fff92e00afc 

Instructions: (pc=0x00007fff92dffe90)
0x00007fff92dffe70:   90 90 90 90 90 90 90 90 90 90 90 90 90 90 90 90
0x00007fff92dffe80:   48 85 ff 74 2b 40 f6 c7 01 2e 75 3b 4c 8b 1f 50
0x00007fff92dffe90:   4d 8b 53 10 89 f0 41 23 02 4d 8b 5c c2 10 ff c0
0x00007fff92dffea0:   4d 85 db 74 36 49 3b 33 75 ec 58 41 ff 63 10 90 

Register to memory mapping:

RAX=0x00007ff333527400 is an unknown value
RBX=0x00007ff33367a9b0 is an unknown value
RCX=0x00000000000f431e is an unknown value
RDX=0x00007ff33367a9b0 is an unknown value
RSP=0x00007fff6594aba0 is pointing into the stack for thread: 0x00007ff3338bb800
RBP=0x00007fff6594abc0 is pointing into the stack for thread: 0x00007ff3338bb800
RSI=0x00007fff8cbd8fab: __PRETTY_FUNCTION__.159760+0x10c3 in /System/Library/Frameworks/AppKit.framework/Versions/C/AppKit at 0x00007fff8c2d7000
RDI=0x00007ff3335274c0 is an unknown value
R8 =0x00007ff33361fed0 is an unknown value
R9 =0x00000000000003fe is an unknown value
R10=0x2028508444045010 is an unknown value
R11=0x0000000000000000 is an unknown value
R12=0x00007ff3338bd000 is an unknown value
R13=0x00000000000f42dd is an unknown value
R14=0x00007fff8cbd8fab: __PRETTY_FUNCTION__.159760+0x10c3 in /System/Library/Frameworks/AppKit.framework/Versions/C/AppKit at 0x00007fff8c2d7000
R15=0x0000000000000054 is an unknown value


Stack: [0x00007fff6514f000,0x00007fff6594f000],  sp=0x00007fff6594aba0,  free space=8174k
Native frames: (J=compiled Java code, j=interpreted, Vv=VM code, C=native code)
C  [libobjc.A.dylib+0x9e90]  objc_msgSend+0x10
C  [CoreFoundation+0x4c7ba]  _CFXNotificationPost+0xa4a
C  [Foundation+0x2fc3]  -[NSNotificationCenter postNotificationName:object:userInfo:]+0x41
C  [AppKit+0x121110]  -[NSSurface _disposeSurface]+0x99
C  [AppKit+0x120bbf]  -[NSSurface setWindow:]+0x3a
C  [AppKit+0x11a1f8]  -[NSView _setWindow:]+0x88d
C  [AppKit+0x11a9da]  -[NSView removeFromSuperview]+0x1b0
C  [AppKit+0x121417]  -[NSView removeFromSuperviewWithoutNeedingDisplay]+0x27
C  [liblwjgl.jnilib+0x936e]  +[MacOSXKeyableWindow destroyWindow]+0xde
C  [CoreFoundation+0xcdd9d]  +[NSObject performSelector:withObject:]+0x3d
C  [Foundation+0x4fd70]  __NSThreadPerformPerform+0xd6
C  [CoreFoundation+0x124f1]  __CFRUNLOOP_IS_CALLING_OUT_TO_A_SOURCE0_PERFORM_FUNCTION__+0x11
C  [CoreFoundation+0x11d5d]  __CFRunLoopDoSources0+0xfd
C  [CoreFoundation+0x38b49]  __CFRunLoopRun+0x389
C  [CoreFoundation+0x38486]  CFRunLoopRunSpecific+0xe6
C  [HIToolbox+0x22bf]  RunCurrentEventLoopInMode+0x115
C  [HIToolbox+0x956d]  ReceiveNextEventCommon+0x163
C  [HIToolbox+0x93fa]  BlockUntilNextEventMatchingListInMode+0x3e
C  [AppKit+0x8779]  _DPSNextEvent+0x293
C  [AppKit+0x807d]  -[NSApplication nextEventMatchingMask:untilDate:inMode:dequeue:]+0x87
C  [libosxapp.dylib+0x16f4]  -[NSApplicationAWT nextEventMatchingMask:untilDate:inMode:dequeue:]+0x7c
C  [AppKit+0x49b9]  -[NSApplication run]+0x1d6
C  [libosxapp.dylib+0x1557]  +[NSApplicationAWT runAWTLoopWithApp:]+0x9c
C  [liblwawt.dylib+0xdb99]  -[AWTStarter starter:]+0x369
C  [CoreFoundation+0x9370d]  -[NSObject performSelector:withObject:]+0x3d
C  [Foundation+0x4fd70]  __NSThreadPerformPerform+0xd6
C  [CoreFoundation+0x124f1]  __CFRUNLOOP_IS_CALLING_OUT_TO_A_SOURCE0_PERFORM_FUNCTION__+0x11
C  [CoreFoundation+0x11d5d]  __CFRunLoopDoSources0+0xfd
C  [CoreFoundation+0x38b49]  __CFRunLoopRun+0x389
C  [CoreFoundation+0x38486]  CFRunLoopRunSpecific+0xe6
C  [java+0x73b0]  CreateExecutionEnvironment+0x367
C  [java+0x1b5c]  JLI_Launch+0x7a0
C  [java+0x770d]  main+0x65
C  [java+0x13b4]  start+0x34


---------------  P R O C E S S  ---------------

Java Threads: ( => current thread )
  0x00007ff334197800 JavaThread "AWT-Shutdown" [_thread_blocked, id=16923, stack(0x000000010def7000,0x000000010dff7000)]
  0x00007ff33408a000 JavaThread "DestroyJavaVM" [_thread_blocked, id=7427, stack(0x00000001069d6000,0x0000000106ad6000)]
  0x00007ff334095800 JavaThread "LWJGL Application" [_thread_in_native, id=51459, stack(0x00000001125eb000,0x00000001126eb000)]
=>0x00007ff3338bb800 JavaThread "AppKit Thread" daemon [_thread_in_native, id=1799, stack(0x00007fff6514f000,0x00007fff6594f000)]
  0x00007ff33581a800 JavaThread "Service Thread" daemon [_thread_blocked, id=21763, stack(0x000000010e306000,0x000000010e406000)]
  0x00007ff335819800 JavaThread "C2 CompilerThread1" daemon [_thread_blocked, id=21251, stack(0x000000010e203000,0x000000010e303000)]
  0x00007ff335818000 JavaThread "C2 CompilerThread0" daemon [_thread_blocked, id=20739, stack(0x000000010e100000,0x000000010e200000)]
  0x00007ff335810800 JavaThread "Signal Dispatcher" daemon [_thread_blocked, id=20227, stack(0x000000010dffd000,0x000000010e0fd000)]
  0x00007ff334043000 JavaThread "Finalizer" daemon [_thread_blocked, id=15875, stack(0x000000010dcf3000,0x000000010ddf3000)]
  0x00007ff334040000 JavaThread "Reference Handler" daemon [_thread_blocked, id=15363, stack(0x000000010dbf0000,0x000000010dcf0000)]

Other Threads:
  0x00007ff33403f800 VMThread [stack: 0x000000010daed000,0x000000010dbed000] [id=14851]
  0x00007ff334045800 WatcherThread [stack: 0x000000010e409000,0x000000010e509000] [id=22275]

VM state:not at safepoint (normal execution)

VM Mutex/Monitor currently owned by a thread: None

Heap
 PSYoungGen      total 19456K, used 615K [0x00000007eaa80000, 0x00000007ec000000, 0x0000000800000000)
  eden space 16896K, 3% used [0x00000007eaa80000,0x00000007eab19c30,0x00000007ebb00000)
  from space 2560K, 0% used [0x00000007ebd80000,0x00000007ebd80000,0x00000007ec000000)
  to   space 2560K, 0% used [0x00000007ebb00000,0x00000007ebb00000,0x00000007ebd80000)
 ParOldGen       total 43520K, used 2172K [0x00000007c0000000, 0x00000007c2a80000, 0x00000007eaa80000)
  object space 43520K, 4% used [0x00000007c0000000,0x00000007c021f3a8,0x00000007c2a80000)
 PSPermGen       total 21504K, used 8740K [0x00000007bae00000, 0x00000007bc300000, 0x00000007c0000000)
  object space 21504K, 40% used [0x00000007bae00000,0x00000007bb6893e8,0x00000007bc300000)

Card table byte_map: [0x0000000109bc8000,0x0000000109df2000] byte_map_base: 0x0000000105df1000

Polling page: 0x0000000105dd6000

Code Cache  [0x0000000106b08000, 0x0000000106d78000, 0x0000000109b08000)
 total_blobs=537 nmethods=172 adapters=319 free_code_cache=48314Kb largest_free_block=49444416

Compilation events (10 events):
Event: 73.292 Thread 0x00007ff335819800  168             java.nio.HeapByteBuffer::_put (8 bytes)
Event: 73.293 Thread 0x00007ff335819800 nmethod 168 0x0000000106bde8d0 code [0x0000000106bdea20, 0x0000000106bdead8]
Event: 75.979 Thread 0x00007ff335818000  169             net.timothyhahn.multipong.components.Position::getX (5 bytes)
Event: 75.980 Thread 0x00007ff335818000 nmethod 169 0x0000000106bde6d0 code [0x0000000106bde800, 0x0000000106bde858]
Event: 79.119 Thread 0x00007ff335819800  170             java.nio.ByteBuffer::put (55 bytes)
Event: 79.124 Thread 0x00007ff335819800 nmethod 170 0x0000000106bdc810 code [0x0000000106bdc960, 0x0000000106bdcbd8]
Event: 84.112 Thread 0x00007ff335818000  171             com.artemis.World::getManager (18 bytes)
Event: 84.117 Thread 0x00007ff335818000 nmethod 171 0x0000000106bdc050 code [0x0000000106bdc1c0, 0x0000000106bdc488]
Event: 84.146 Thread 0x00007ff335819800  172             com.badlogic.gdx.graphics.g2d.BitmapFontCache::setColor (124 bytes)
Event: 84.152 Thread 0x00007ff335819800 nmethod 172 0x0000000106bced90 code [0x0000000106bcef20, 0x0000000106bcf238]

GC Heap History (6 events):
Event: 47.903 GC heap before
{Heap before GC invocations=1 (full 0):
 PSYoungGen      total 19456K, used 16896K [0x00000007eaa80000, 0x00000007ec000000, 0x0000000800000000)
  eden space 16896K, 100% used [0x00000007eaa80000,0x00000007ebb00000,0x00000007ebb00000)
  from space 2560K, 0% used [0x00000007ebd80000,0x00000007ebd80000,0x00000007ec000000)
  to   space 2560K, 0% used [0x00000007ebb00000,0x00000007ebb00000,0x00000007ebd80000)
 ParOldGen       total 43520K, used 0K [0x00000007c0000000, 0x00000007c2a80000, 0x00000007eaa80000)
  object space 43520K, 0% used [0x00000007c0000000,0x00000007c0000000,0x00000007c2a80000)
 PSPermGen       total 21504K, used 7087K [0x00000007bae00000, 0x00000007bc300000, 0x00000007c0000000)
  object space 21504K, 32% used [0x00000007bae00000,0x00000007bb4ebc80,0x00000007bc300000)
Event: 47.915 GC heap after
Heap after GC invocations=1 (full 0):
 PSYoungGen      total 19456K, used 2546K [0x00000007eaa80000, 0x00000007ec000000, 0x0000000800000000)
  eden space 16896K, 0% used [0x00000007eaa80000,0x00000007eaa80000,0x00000007ebb00000)
  from space 2560K, 99% used [0x00000007ebb00000,0x00000007ebd7cbf0,0x00000007ebd80000)
  to   space 2560K, 0% used [0x00000007ebd80000,0x00000007ebd80000,0x00000007ec000000)
 ParOldGen       total 43520K, used 637K [0x00000007c0000000, 0x00000007c2a80000, 0x00000007eaa80000)
  object space 43520K, 1% used [0x00000007c0000000,0x00000007c009f600,0x00000007c2a80000)
 PSPermGen       total 21504K, used 7087K [0x00000007bae00000, 0x00000007bc300000, 0x00000007c0000000)
  object space 21504K, 32% used [0x00000007bae00000,0x00000007bb4ebc80,0x00000007bc300000)
}
Event: 84.282 GC heap before
{Heap before GC invocations=2 (full 0):
 PSYoungGen      total 19456K, used 10221K [0x00000007eaa80000, 0x00000007ec000000, 0x0000000800000000)
  eden space 16896K, 45% used [0x00000007eaa80000,0x00000007eb1fec00,0x00000007ebb00000)
  from space 2560K, 99% used [0x00000007ebb00000,0x00000007ebd7cbf0,0x00000007ebd80000)
  to   space 2560K, 0% used [0x00000007ebd80000,0x00000007ebd80000,0x00000007ec000000)
 ParOldGen       total 43520K, used 637K [0x00000007c0000000, 0x00000007c2a80000, 0x00000007eaa80000)
  object space 43520K, 1% used [0x00000007c0000000,0x00000007c009f600,0x00000007c2a80000)
 PSPermGen       total 21504K, used 8737K [0x00000007bae00000, 0x00000007bc300000, 0x00000007c0000000)
  object space 21504K, 40% used [0x00000007bae00000,0x00000007bb688598,0x00000007bc300000)
Event: 84.287 GC heap after
Heap after GC invocations=2 (full 0):
 PSYoungGen      total 19456K, used 2382K [0x00000007eaa80000, 0x00000007ec000000, 0x0000000800000000)
  eden space 16896K, 0% used [0x00000007eaa80000,0x00000007eaa80000,0x00000007ebb00000)
  from space 2560K, 93% used [0x00000007ebd80000,0x00000007ebfd3890,0x00000007ec000000)
  to   space 2560K, 0% used [0x00000007ebb00000,0x00000007ebb00000,0x00000007ebd80000)
 ParOldGen       total 43520K, used 645K [0x00000007c0000000, 0x00000007c2a80000, 0x00000007eaa80000)
  object space 43520K, 1% used [0x00000007c0000000,0x00000007c00a1600,0x00000007c2a80000)
 PSPermGen       total 21504K, used 8737K [0x00000007bae00000, 0x00000007bc300000, 0x00000007c0000000)
  object space 21504K, 40% used [0x00000007bae00000,0x00000007bb688598,0x00000007bc300000)
}
Event: 84.288 GC heap before
{Heap before GC invocations=3 (full 1):
 PSYoungGen      total 19456K, used 2382K [0x00000007eaa80000, 0x00000007ec000000, 0x0000000800000000)
  eden space 16896K, 0% used [0x00000007eaa80000,0x00000007eaa80000,0x00000007ebb00000)
  from space 2560K, 93% used [0x00000007ebd80000,0x00000007ebfd3890,0x00000007ec000000)
  to   space 2560K, 0% used [0x00000007ebb00000,0x00000007ebb00000,0x00000007ebd80000)
 ParOldGen       total 43520K, used 645K [0x00000007c0000000, 0x00000007c2a80000, 0x00000007eaa80000)
  object space 43520K, 1% used [0x00000007c0000000,0x00000007c00a1600,0x00000007c2a80000)
 PSPermGen       total 21504K, used 8737K [0x00000007bae00000, 0x00000007bc300000, 0x00000007c0000000)
  object space 21504K, 40% used [0x00000007bae00000,0x00000007bb688598,0x00000007bc300000)
Event: 84.342 GC heap after
Heap after GC invocations=3 (full 1):
 PSYoungGen      total 19456K, used 0K [0x00000007eaa80000, 0x00000007ec000000, 0x0000000800000000)
  eden space 16896K, 0% used [0x00000007eaa80000,0x00000007eaa80000,0x00000007ebb00000)
  from space 2560K, 0% used [0x00000007ebd80000,0x00000007ebd80000,0x00000007ec000000)
  to   space 2560K, 0% used [0x00000007ebb00000,0x00000007ebb00000,0x00000007ebd80000)
 ParOldGen       total 43520K, used 2172K [0x00000007c0000000, 0x00000007c2a80000, 0x00000007eaa80000)
  object space 43520K, 4% used [0x00000007c0000000,0x00000007c021f3a8,0x00000007c2a80000)
 PSPermGen       total 21504K, used 8735K [0x00000007bae00000, 0x00000007bc300000, 0x00000007c0000000)
  object space 21504K, 40% used [0x00000007bae00000,0x00000007bb687f78,0x00000007bc300000)
}

Deoptimization events (9 events):
Event: 18.755 Thread 0x00007ff334095800 Uncommon trap: reason=unreached action=reinterpret pc=0x0000000106b952a8 method=com.badlogic.gdx.scenes.scene2d.Group.hit(FFZ)Lcom/badlogic/gdx/scenes/scene2d/Actor; @ 98
Event: 18.756 Thread 0x00007ff334095800 Uncommon trap: reason=unreached action=reinterpret pc=0x0000000106b952a8 method=com.badlogic.gdx.scenes.scene2d.Group.hit(FFZ)Lcom/badlogic/gdx/scenes/scene2d/Actor; @ 98
Event: 18.756 Thread 0x00007ff334095800 Uncommon trap: reason=unreached action=reinterpret pc=0x0000000106b952a8 method=com.badlogic.gdx.scenes.scene2d.Group.hit(FFZ)Lcom/badlogic/gdx/scenes/scene2d/Actor; @ 98
Event: 48.155 Thread 0x00007ff334095800 Uncommon trap: reason=unreached action=reinterpret pc=0x0000000106ba74bc method=com.badlogic.gdx.scenes.scene2d.ui.WidgetGroup.validate()V @ 21
Event: 56.410 Thread 0x00007ff334095800 Uncommon trap: reason=bimorphic action=maybe_recompile pc=0x0000000106b90458 method=java.util.HashMap.getEntry(Ljava/lang/Object;)Ljava/util/HashMap$Entry; @ 68
Event: 56.418 Thread 0x00007ff334095800 Uncommon trap: reason=bimorphic action=maybe_recompile pc=0x0000000106b90458 method=java.util.HashMap.getEntry(Ljava/lang/Object;)Ljava/util/HashMap$Entry; @ 68
Event: 56.431 Thread 0x00007ff334095800 Uncommon trap: reason=bimorphic action=maybe_recompile pc=0x0000000106b90458 method=java.util.HashMap.getEntry(Ljava/lang/Object;)Ljava/util/HashMap$Entry; @ 68
Event: 56.445 Thread 0x00007ff334095800 Uncommon trap: reason=bimorphic action=maybe_recompile pc=0x0000000106b90458 method=java.util.HashMap.getEntry(Ljava/lang/Object;)Ljava/util/HashMap$Entry; @ 68
Event: 56.689 Thread 0x00007ff334095800 Uncommon trap: reason=unloaded action=reinterpret pc=0x0000000106bcfaf0 method=com.badlogic.gdx.graphics.g2d.freetype.FreeTypeFontGenerator.generateData(ILjava/lang/String;ZLcom/badlogic/gdx/graphics/g2d/PixmapPacker;)Lcom/badlogic/gdx/graphics/g2d/freety

Internal exceptions (10 events):
Event: 56.690 Thread 0x00007ff334095800 Threw 0x00000007eb119698 at /HUDSON/workspace/jdk7u40-2-build-macosx-amd64-product/jdk7u40/hotspot/src/share/vm/prims/jvm.cpp:1244
Event: 56.692 Thread 0x00007ff334095800 Threw 0x00000007eb11f5e8 at /HUDSON/workspace/jdk7u40-2-build-macosx-amd64-product/jdk7u40/hotspot/src/share/vm/prims/jvm.cpp:1244
Event: 56.744 Thread 0x00007ff334095800 Threw 0x00000007eb149e10 at /HUDSON/workspace/jdk7u40-2-build-macosx-amd64-product/jdk7u40/hotspot/src/share/vm/prims/jvm.cpp:1244
Event: 56.745 Thread 0x00007ff334095800 Threw 0x00000007eb14ddc0 at /HUDSON/workspace/jdk7u40-2-build-macosx-amd64-product/jdk7u40/hotspot/src/share/vm/prims/jvm.cpp:1244
Event: 56.746 Thread 0x00007ff334095800 Threw 0x00000007eb151d78 at /HUDSON/workspace/jdk7u40-2-build-macosx-amd64-product/jdk7u40/hotspot/src/share/vm/prims/jvm.cpp:1244
Event: 56.746 Thread 0x00007ff334095800 Threw 0x00000007eb155d30 at /HUDSON/workspace/jdk7u40-2-build-macosx-amd64-product/jdk7u40/hotspot/src/share/vm/prims/jvm.cpp:1244
Event: 56.747 Thread 0x00007ff334095800 Threw 0x00000007eb159ce8 at /HUDSON/workspace/jdk7u40-2-build-macosx-amd64-product/jdk7u40/hotspot/src/share/vm/prims/jvm.cpp:1244
Event: 60.004 Thread 0x00007ff334095800 Threw 0x00000007eb16d870 at /HUDSON/workspace/jdk7u40-2-build-macosx-amd64-product/jdk7u40/hotspot/src/share/vm/prims/jvm.cpp:1244
Event: 84.281 Thread 0x00007ff334095800 Threw 0x00000007eb1dd4f0 at /HUDSON/workspace/jdk7u40-2-build-macosx-amd64-product/jdk7u40/hotspot/src/share/vm/prims/jvm.cpp:1244
Event: 84.388 Thread 0x00007ff334095800 Threw 0x00000007eaa816a8 at /HUDSON/workspace/jdk7u40-2-build-macosx-amd64-product/jdk7u40/hotspot/src/share/vm/prims/jvm.cpp:1244

Events (10 events):
Event: 84.347 Executing VM operation: RevokeBias
Event: 84.347 Executing VM operation: RevokeBias done
Event: 84.347 Executing VM operation: RevokeBias
Event: 84.347 Executing VM operation: RevokeBias done
Event: 84.347 Executing VM operation: RevokeBias
Event: 84.347 Executing VM operation: RevokeBias done
Event: 84.347 Executing VM operation: BulkRevokeBias
Event: 84.347 Executing VM operation: BulkRevokeBias done
Event: 84.388 loading class 0x00007ff333525310
Event: 84.388 loading class 0x00007ff333525310 done


Dynamic libraries:
0x000000000829d000 	/System/Library/Frameworks/Cocoa.framework/Versions/A/Cocoa
0x000000000829d000 	/System/Library/Frameworks/Security.framework/Versions/A/Security
0x000000000829d000 	/System/Library/Frameworks/ApplicationServices.framework/Versions/A/ApplicationServices
0x000000000829d000 	/usr/lib/libz.1.dylib
0x000000000829d000 	/usr/lib/libSystem.B.dylib
0x000000000829d000 	/usr/lib/libobjc.A.dylib
0x000000000829d000 	/System/Library/Frameworks/CoreFoundation.framework/Versions/A/CoreFoundation
0x000000000829d000 	/System/Library/Frameworks/Foundation.framework/Versions/C/Foundation
0x000000000829d000 	/System/Library/Frameworks/AppKit.framework/Versions/C/AppKit
0x000000000829d000 	/System/Library/Frameworks/CoreData.framework/Versions/A/CoreData
0x000000000829d000 	/System/Library/PrivateFrameworks/RemoteViewServices.framework/Versions/A/RemoteViewServices
0x000000000829d000 	/System/Library/Frameworks/AudioToolbox.framework/Versions/A/AudioToolbox
0x000000000829d000 	/System/Library/Frameworks/AudioUnit.framework/Versions/A/AudioUnit
0x000000000829d000 	/System/Library/PrivateFrameworks/DataDetectorsCore.framework/Versions/A/DataDetectorsCore
0x000000000829d000 	/System/Library/PrivateFrameworks/DesktopServicesPriv.framework/Versions/A/DesktopServicesPriv
0x000000000829d000 	/System/Library/Frameworks/Carbon.framework/Versions/A/Frameworks/HIToolbox.framework/Versions/A/HIToolbox
0x000000000829d000 	/System/Library/Frameworks/QuartzCore.framework/Versions/A/QuartzCore
0x000000000829d000 	/System/Library/Frameworks/Carbon.framework/Versions/A/Frameworks/SpeechRecognition.framework/Versions/A/SpeechRecognition
0x000000000829d000 	/usr/lib/libauto.dylib
0x000000000829d000 	/usr/lib/libicucore.A.dylib
0x000000000829d000 	/usr/lib/libxml2.2.dylib
0x000000000829d000 	/System/Library/PrivateFrameworks/CoreUI.framework/Versions/A/CoreUI
0x000000000829d000 	/System/Library/Frameworks/CoreAudio.framework/Versions/A/CoreAudio
0x000000000829d000 	/System/Library/Frameworks/DiskArbitration.framework/Versions/A/DiskArbitration
0x000000000829d000 	/usr/lib/liblangid.dylib
0x000000000829d000 	/System/Library/PrivateFrameworks/MultitouchSupport.framework/Versions/A/MultitouchSupport
0x000000000829d000 	/System/Library/Frameworks/IOKit.framework/Versions/A/IOKit
0x000000000829d000 	/usr/lib/libDiagnosticMessagesClient.dylib
0x000000000829d000 	/System/Library/Frameworks/CoreServices.framework/Versions/A/CoreServices
0x000000000829d000 	/System/Library/PrivateFrameworks/PerformanceAnalysis.framework/Versions/A/PerformanceAnalysis
0x000000000829d000 	/System/Library/PrivateFrameworks/GenerationalStorage.framework/Versions/A/GenerationalStorage
0x000000000829d000 	/System/Library/Frameworks/OpenGL.framework/Versions/A/OpenGL
0x000000000829d000 	/System/Library/Frameworks/CoreServices.framework/Versions/A/Frameworks/CFNetwork.framework/Versions/A/CFNetwork
0x000000000829d000 	/System/Library/Frameworks/SystemConfiguration.framework/Versions/A/SystemConfiguration
0x000000000829d000 	/usr/lib/libCRFSuite.dylib
0x000000000829d000 	/usr/lib/libc++.1.dylib
0x000000000829d000 	/usr/lib/libstdc++.6.dylib
0x000000000829d000 	/usr/lib/libc++abi.dylib
0x000000000829d000 	/usr/lib/system/libcache.dylib
0x000000000829d000 	/usr/lib/system/libcommonCrypto.dylib
0x000000000829d000 	/usr/lib/system/libcompiler_rt.dylib
0x000000000829d000 	/usr/lib/system/libcopyfile.dylib
0x000000000829d000 	/usr/lib/system/libdispatch.dylib
0x000000000829d000 	/usr/lib/system/libdnsinfo.dylib
0x000000000829d000 	/usr/lib/system/libdyld.dylib
0x000000000829d000 	/usr/lib/system/libkeymgr.dylib
0x000000000829d000 	/usr/lib/system/liblaunch.dylib
0x000000000829d000 	/usr/lib/system/libmacho.dylib
0x000000000829d000 	/usr/lib/system/libmathCommon.A.dylib
0x000000000829d000 	/usr/lib/system/libquarantine.dylib
0x000000000829d000 	/usr/lib/system/libremovefile.dylib
0x000000000829d000 	/usr/lib/system/libsystem_blocks.dylib
0x000000000829d000 	/usr/lib/system/libsystem_c.dylib
0x000000000829d000 	/usr/lib/system/libsystem_dnssd.dylib
0x000000000829d000 	/usr/lib/system/libsystem_info.dylib
0x000000000829d000 	/usr/lib/system/libsystem_kernel.dylib
0x000000000829d000 	/usr/lib/system/libsystem_network.dylib
0x000000000829d000 	/usr/lib/system/libsystem_notify.dylib
0x000000000829d000 	/usr/lib/system/libsystem_sandbox.dylib
0x000000000829d000 	/usr/lib/system/libunc.dylib
0x000000000829d000 	/usr/lib/system/libunwind.dylib
0x000000000829d000 	/usr/lib/system/libxpc.dylib
0x000000000829d000 	/usr/lib/libbsm.0.dylib
0x000000000829d000 	/usr/lib/libsqlite3.dylib
0x000000000829d000 	/usr/lib/libOpenScriptingUtil.dylib
0x000000000829d000 	/usr/lib/libpam.2.dylib
0x000000000829d000 	/usr/lib/libxar-nossl.dylib
0x000000000829d000 	/usr/lib/libbz2.1.0.dylib
0x000000000829d000 	/System/Library/Frameworks/CoreServices.framework/Versions/A/Frameworks/CarbonCore.framework/Versions/A/CarbonCore
0x000000000829d000 	/System/Library/Frameworks/CoreServices.framework/Versions/A/Frameworks/Metadata.framework/Versions/A/Metadata
0x000000000829d000 	/System/Library/Frameworks/CoreServices.framework/Versions/A/Frameworks/OSServices.framework/Versions/A/OSServices
0x000000000829d000 	/System/Library/Frameworks/CoreServices.framework/Versions/A/Frameworks/SearchKit.framework/Versions/A/SearchKit
0x000000000829d000 	/System/Library/Frameworks/CoreServices.framework/Versions/A/Frameworks/AE.framework/Versions/A/AE
0x000000000829d000 	/System/Library/Frameworks/CoreServices.framework/Versions/A/Frameworks/LaunchServices.framework/Versions/A/LaunchServices
0x000000000829d000 	/System/Library/Frameworks/CoreServices.framework/Versions/A/Frameworks/DictionaryServices.framework/Versions/A/DictionaryServices
0x000000000829d000 	/System/Library/Frameworks/NetFS.framework/Versions/A/NetFS
0x000000000829d000 	/usr/lib/system/libkxld.dylib
0x000000000829d000 	/System/Library/PrivateFrameworks/NetAuth.framework/Versions/A/NetAuth
0x000000000829d000 	/usr/lib/libcrypto.0.9.8.dylib
0x000000000829d000 	/System/Library/PrivateFrameworks/TrustEvaluationAgent.framework/Versions/A/TrustEvaluationAgent
0x000000000829d000 	/System/Library/Frameworks/OpenDirectory.framework/Versions/A/Frameworks/CFOpenDirectory.framework/Versions/A/CFOpenDirectory
0x000000000829d000 	/usr/lib/libxslt.1.dylib
0x000000000829d000 	/System/Library/PrivateFrameworks/FamilyControls.framework/Versions/A/FamilyControls
0x000000000829d000 	/System/Library/Frameworks/Carbon.framework/Versions/A/Frameworks/Ink.framework/Versions/A/Ink
0x000000000829d000 	/System/Library/Frameworks/ApplicationServices.framework/Versions/A/Frameworks/CoreGraphics.framework/Versions/A/CoreGraphics
0x000000000829d000 	/System/Library/Frameworks/ApplicationServices.framework/Versions/A/Frameworks/ImageIO.framework/Versions/A/ImageIO
0x000000000829d000 	/System/Library/Frameworks/ApplicationServices.framework/Versions/A/Frameworks/CoreText.framework/Versions/A/CoreText
0x000000000829d000 	/System/Library/Frameworks/ApplicationServices.framework/Versions/A/Frameworks/ATS.framework/Versions/A/ATS
0x000000000829d000 	/System/Library/Frameworks/ApplicationServices.framework/Versions/A/Frameworks/ColorSync.framework/Versions/A/ColorSync
0x000000000829d000 	/System/Library/Frameworks/ApplicationServices.framework/Versions/A/Frameworks/HIServices.framework/Versions/A/HIServices
0x000000000829d000 	/System/Library/Frameworks/ApplicationServices.framework/Versions/A/Frameworks/LangAnalysis.framework/Versions/A/LangAnalysis
0x000000000829d000 	/System/Library/Frameworks/ApplicationServices.framework/Versions/A/Frameworks/PrintCore.framework/Versions/A/PrintCore
0x000000000829d000 	/System/Library/Frameworks/ApplicationServices.framework/Versions/A/Frameworks/QD.framework/Versions/A/QD
0x000000000829d000 	/System/Library/Frameworks/ApplicationServices.framework/Versions/A/Frameworks/SpeechSynthesis.framework/Versions/A/SpeechSynthesis
0x000000000829d000 	/System/Library/Frameworks/IOSurface.framework/Versions/A/IOSurface
0x000000000829d000 	/System/Library/Frameworks/Accelerate.framework/Versions/A/Accelerate
0x000000000829d000 	/System/Library/Frameworks/ApplicationServices.framework/Versions/A/Frameworks/ImageIO.framework/Versions/A/Resources/libJPEG.dylib
0x000000000829d000 	/System/Library/Frameworks/ApplicationServices.framework/Versions/A/Frameworks/ImageIO.framework/Versions/A/Resources/libTIFF.dylib
0x000000000829d000 	/System/Library/Frameworks/ApplicationServices.framework/Versions/A/Frameworks/ImageIO.framework/Versions/A/Resources/libPng.dylib
0x000000000829d000 	/System/Library/Frameworks/ApplicationServices.framework/Versions/A/Frameworks/ImageIO.framework/Versions/A/Resources/libGIF.dylib
0x000000000829d000 	/System/Library/Frameworks/ApplicationServices.framework/Versions/A/Frameworks/ImageIO.framework/Versions/A/Resources/libJP2.dylib
0x000000000829d000 	/System/Library/Frameworks/ApplicationServices.framework/Versions/A/Frameworks/ImageIO.framework/Versions/A/Resources/libRadiance.dylib
0x000000000829d000 	/System/Library/Frameworks/Accelerate.framework/Versions/A/Frameworks/vImage.framework/Versions/A/vImage
0x000000000829d000 	/System/Library/Frameworks/Accelerate.framework/Versions/A/Frameworks/vecLib.framework/Versions/A/vecLib
0x000000000829d000 	/System/Library/Frameworks/Accelerate.framework/Versions/A/Frameworks/vecLib.framework/Versions/A/libvDSP.dylib
0x000000000829d000 	/System/Library/Frameworks/Accelerate.framework/Versions/A/Frameworks/vecLib.framework/Versions/A/libvMisc.dylib
0x000000000829d000 	/System/Library/Frameworks/Accelerate.framework/Versions/A/Frameworks/vecLib.framework/Versions/A/libLAPACK.dylib
0x000000000829d000 	/System/Library/Frameworks/Accelerate.framework/Versions/A/Frameworks/vecLib.framework/Versions/A/libBLAS.dylib
0x000000000829d000 	/System/Library/Frameworks/ApplicationServices.framework/Versions/A/Frameworks/ATS.framework/Versions/A/Resources/libFontParser.dylib
0x000000000829d000 	/System/Library/Frameworks/ApplicationServices.framework/Versions/A/Frameworks/ATS.framework/Versions/A/Resources/libFontRegistry.dylib
0x000000000829d000 	/usr/lib/libcups.2.dylib
0x000000000829d000 	/System/Library/Frameworks/Kerberos.framework/Versions/A/Kerberos
0x000000000829d000 	/System/Library/Frameworks/GSS.framework/Versions/A/GSS
0x000000000829d000 	/usr/lib/libresolv.9.dylib
0x000000000829d000 	/usr/lib/libiconv.2.dylib
0x000000000829d000 	/System/Library/PrivateFrameworks/Heimdal.framework/Versions/A/Heimdal
0x000000000829d000 	/System/Library/Frameworks/OpenDirectory.framework/Versions/A/OpenDirectory
0x000000000829d000 	/System/Library/PrivateFrameworks/CommonAuth.framework/Versions/A/CommonAuth
0x000000000829d000 	/System/Library/Frameworks/CoreVideo.framework/Versions/A/CoreVideo
0x000000000829d000 	/System/Library/Frameworks/QuartzCore.framework/Versions/A/Frameworks/CoreImage.framework/Versions/A/CoreImage
0x000000000829d000 	/System/Library/Frameworks/QuartzCore.framework/Versions/A/Frameworks/ScalableUserInterface.framework/Versions/A/ScalableUserInterface
0x000000000829d000 	/System/Library/Frameworks/OpenGL.framework/Versions/A/Libraries/libGLU.dylib
0x000000000829d000 	/System/Library/Frameworks/OpenGL.framework/Versions/A/Libraries/libGFXShared.dylib
0x000000000829d000 	/System/Library/Frameworks/OpenGL.framework/Versions/A/Libraries/libGL.dylib
0x000000000829d000 	/System/Library/Frameworks/OpenGL.framework/Versions/A/Libraries/libGLImage.dylib
0x000000000829d000 	/System/Library/Frameworks/OpenGL.framework/Versions/A/Libraries/libCVMSPluginSupport.dylib
0x000000000829d000 	/System/Library/Frameworks/OpenGL.framework/Versions/A/Libraries/libCoreVMClient.dylib
0x000000000829d000 	/System/Library/Frameworks/OpenCL.framework/Versions/A/OpenCL
0x000000000829d000 	/System/Library/PrivateFrameworks/FaceCoreLight.framework/Versions/A/FaceCoreLight
0x000000000829d000 	/System/Library/Frameworks/vecLib.framework/Versions/A/vecLib
0x000000000829d000 	/System/Library/Frameworks/SecurityFoundation.framework/Versions/A/SecurityFoundation
0x000000000829d000 	/System/Library/PrivateFrameworks/CommerceKit.framework/Versions/A/Frameworks/CommerceCore.framework/Versions/A/CommerceCore
0x000000000829d000 	/System/Library/PrivateFrameworks/CoreSymbolication.framework/Versions/A/CoreSymbolication
0x000000000829d000 	/System/Library/PrivateFrameworks/Symbolication.framework/Versions/A/Symbolication
0x000000000829d000 	/System/Library/PrivateFrameworks/DebugSymbols.framework/Versions/A/DebugSymbols
0x0000000105f83000 	/Library/Java/JavaVirtualMachines/jdk1.7.0_40.jdk/Contents/Home/jre/lib/server/libjvm.dylib
0x0000000105dc9000 	/Library/Java/JavaVirtualMachines/jdk1.7.0_40.jdk/Contents/Home/jre/lib/libverify.dylib
0x0000000106ad8000 	/Library/Java/JavaVirtualMachines/jdk1.7.0_40.jdk/Contents/Home/jre/lib/libjava.dylib
0x0000000105de0000 	/Library/Java/JavaVirtualMachines/jdk1.7.0_40.jdk/Contents/Home/jre/lib/libzip.dylib
0x000000010ddf5000 	/System/Library/Frameworks/JavaVM.framework/Frameworks/JavaRuntimeSupport.framework/JavaRuntimeSupport
0x000000010de0d000 	/System/Library/Frameworks/JavaVM.framework/Versions/A/Frameworks/JavaNativeFoundation.framework/Versions/A/JavaNativeFoundation
0x000000010de22000 	/System/Library/Frameworks/JavaVM.framework/Versions/A/JavaVM
0x000000000829d000 	/System/Library/Frameworks/Carbon.framework/Versions/A/Carbon
0x000000010de2f000 	/System/Library/PrivateFrameworks/JavaLaunching.framework/Versions/A/JavaLaunching
0x000000000829d000 	/System/Library/Frameworks/Carbon.framework/Versions/A/Frameworks/CommonPanels.framework/Versions/A/CommonPanels
0x000000000829d000 	/System/Library/Frameworks/Carbon.framework/Versions/A/Frameworks/Help.framework/Versions/A/Help
0x000000000829d000 	/System/Library/Frameworks/Carbon.framework/Versions/A/Frameworks/ImageCapture.framework/Versions/A/ImageCapture
0x000000000829d000 	/System/Library/Frameworks/Carbon.framework/Versions/A/Frameworks/OpenScripting.framework/Versions/A/OpenScripting
0x000000000829d000 	/System/Library/Frameworks/Carbon.framework/Versions/A/Frameworks/Print.framework/Versions/A/Print
0x000000000829d000 	/System/Library/Frameworks/Carbon.framework/Versions/A/Frameworks/SecurityHI.framework/Versions/A/SecurityHI
0x000000010e5d1000 	/private/var/folders/79/08w5zrs90n520v909401dmc80000gn/T/libgdxtim/7b6f8930/libgdx.dylib
0x000000010e658000 	/Library/Java/JavaVirtualMachines/jdk1.7.0_40.jdk/Contents/Home/jre/lib/libawt.dylib
0x000000010e707000 	/Library/Java/JavaVirtualMachines/jdk1.7.0_40.jdk/Contents/Home/jre/lib/./libmlib_image.dylib
0x000000010e81a000 	/Library/Java/JavaVirtualMachines/jdk1.7.0_40.jdk/Contents/Home/jre/lib/lwawt/liblwawt.dylib
0x000000010e8ce000 	/Library/Java/JavaVirtualMachines/jdk1.7.0_40.jdk/Contents/Home/jre/lib/server/../libosxapp.dylib
0x000000010e8e8000 	/System/Library/Frameworks/ExceptionHandling.framework/Versions/A/ExceptionHandling
0x000000000829d000 	/System/Library/PrivateFrameworks/CoreServicesInternal.framework/Versions/A/CoreServicesInternal
0x000000000829d000 	/System/Library/Frameworks/ApplicationServices.framework/Versions/A/Frameworks/CoreGraphics.framework/Versions/A/Resources/libCSync.A.dylib
0x000000000829d000 	/System/Library/Frameworks/ApplicationServices.framework/Versions/A/Frameworks/CoreGraphics.framework/Versions/A/Resources/libRIP.A.dylib
0x000000000829d000 	/System/Library/Frameworks/ApplicationServices.framework/Versions/A/Frameworks/CoreGraphics.framework/Versions/A/Resources/libCGXType.A.dylib
0x000000010fa2b000 	/Library/Java/JavaVirtualMachines/jdk1.7.0_40.jdk/Contents/Home/jre/lib/libfontmanager.dylib
0x00000001122b0000 	/private/var/folders/79/08w5zrs90n520v909401dmc80000gn/T/libgdxtim/75260a42/liblwjgl.jnilib
0x000000010fa95000 	/Library/Java/JavaVirtualMachines/jdk1.7.0_40.jdk/Contents/Home/jre/lib/server/../libjawt.dylib
0x000000011232b000 	/var/folders/79/08w5zrs90n520v909401dmc80000gn/T/libgdxtim/75260a42/openal.dylib
0x00000000a2387000 	/System/Library/Components/CoreAudio.component/Contents/MacOS/CoreAudio
0x000000011083a000 	/System/Library/Extensions/AudioIPCDriver.kext/Contents/Resources/AudioIPCPlugIn.bundle/Contents/MacOS/AudioIPCPlugIn
0x0000000112546000 	/System/Library/Extensions/AppleHDA.kext/Contents/PlugIns/AppleHDAHALPlugIn.bundle/Contents/MacOS/AppleHDAHALPlugIn
0x00000001126ed000 	/System/Library/Frameworks/OpenGL.framework/Resources/GLEngine.bundle/GLEngine
0x00000001128dc000 	/System/Library/Frameworks/OpenGL.framework/Versions/A/Libraries/libGLProgrammability.dylib
0x0000000112a68000 	/System/Library/Extensions/AppleIntelHD3000GraphicsGLDriver.bundle/Contents/MacOS/AppleIntelHD3000GraphicsGLDriver
0x0000000112f75000 	/System/Library/PrivateFrameworks/GPUSupport.framework/Versions/A/Libraries/libGPUSupport.dylib
0x0000000112f8a000 	/System/Library/Frameworks/OpenGL.framework/Resources//GLRendererFloat.bundle/GLRendererFloat
0x0000000112fc1000 	/System/Library/Frameworks/OpenCL.framework/Versions/A/Libraries/libcldcpuengine.dylib
0x000000000829d000 	/System/Library/PrivateFrameworks/DiskImages.framework/Versions/A/DiskImages
0x0000000112fd1000 	/System/Library/Frameworks/OpenGL.framework/Versions/A/Libraries/libCoreFSCache.dylib
0x000000000829d000 	/System/Library/Frameworks/DiscRecording.framework/Versions/A/DiscRecording
0x000000000829d000 	/usr/lib/libcurl.4.dylib
0x000000000829d000 	/System/Library/PrivateFrameworks/MediaKit.framework/Versions/A/MediaKit
0x000000000829d000 	/usr/lib/libssl.0.9.8.dylib
0x000000000829d000 	/System/Library/Frameworks/LDAP.framework/Versions/A/LDAP
0x000000000829d000 	/usr/lib/libsasl2.2.dylib
0x000000010e7f7000 	/Library/Java/JavaVirtualMachines/jdk1.7.0_40.jdk/Contents/Home/jre/lib/libnet.dylib
0x0000000114526000 	/private/var/folders/79/08w5zrs90n520v909401dmc80000gn/T/libgdxtim/b0392483/libgdx-freetype.dylib

VM Arguments:
jvm_args: -Dfile.encoding=US-ASCII 
java_command: net.timothyhahn.multipong.Main
Launcher Type: SUN_STANDARD

Environment Variables:
PATH=/usr/bin:/bin:/usr/sbin:/sbin
SHELL=/bin/zsh
DISPLAY=/tmp/launch-e6OCRW/org.x:0

Signal Handlers:
SIGSEGV: [libjvm.dylib+0x524b25], sa_mask[0]=0xfffefeff, sa_flags=0x00000043
SIGBUS: [libjvm.dylib+0x524b25], sa_mask[0]=0xfffefeff, sa_flags=0x00000042
SIGFPE: [libjvm.dylib+0x4180e6], sa_mask[0]=0xfffefeff, sa_flags=0x00000042
SIGPIPE: [libjvm.dylib+0x4180e6], sa_mask[0]=0xfffefeff, sa_flags=0x00000042
SIGXFSZ: [libjvm.dylib+0x4180e6], sa_mask[0]=0xfffefeff, sa_flags=0x00000042
SIGILL: [libjvm.dylib+0x4180e6], sa_mask[0]=0xfffefeff, sa_flags=0x00000042
SIGUSR1: SIG_DFL, sa_mask[0]=0x00000000, sa_flags=0x00000002
SIGUSR2: [libjvm.dylib+0x417bd8], sa_mask[0]=0x00000004, sa_flags=0x00000042
SIGHUP: [libjvm.dylib+0x415e67], sa_mask[0]=0xfffefeff, sa_flags=0x00000042
SIGINT: [libjvm.dylib+0x415e67], sa_mask[0]=0xfffefeff, sa_flags=0x00000042
SIGTERM: [libjvm.dylib+0x415e67], sa_mask[0]=0xfffefeff, sa_flags=0x00000042
SIGQUIT: [libjvm.dylib+0x415e67], sa_mask[0]=0xfffefeff, sa_flags=0x00000042


---------------  S Y S T E M  ---------------

OS:Bsduname:Darwin 11.4.2 Darwin Kernel Version 11.4.2: Thu Aug 23 16:25:48 PDT 2012; root:xnu-1699.32.7~1/RELEASE_X86_64 x86_64
rlimit: STACK 8192k, CORE 0k, NPROC 709, NOFILE 10240, AS infinity
load average:1.96 1.44 1.22

CPU:total 4 (2 cores per cpu, 2 threads per core) family 6 model 42 stepping 7, cmov, cx8, fxsr, mmx, sse, sse2, sse3, ssse3, sse4.1, sse4.2, popcnt, avx, aes, ht, tsc, tscinvbit

Memory: 4k page, physical 4194304k(1048576k free)

/proc/meminfo:


vm_info: Java HotSpot(TM) 64-Bit Server VM (24.0-b56) for bsd-amd64 JRE (1.7.0_40-b43), built on Aug 26 2013 21:29:19 by "java_re" with gcc 4.2.1 (Based on Apple Inc. build 5658) (LLVM build 2336.11.00)

time: Tue Jan  7 02:56:59 2014
elapsed time: 84 seconds

